Added Net: Name=ANT1
Added Net: Name=ANT2
Added Net: Name=ANT
Added Net: Name=DEC1
Added Net: Name=DEC2
Added Net: Name=GND
Added Net: Name=NetC4_2
Added Net: Name=NetD1_2
Added Net: Name=NetR2_1
Added Net: Name=P0.00
Added Net: Name=P0.01
Added Net: Name=P0.02
Added Net: Name=P0.03
Added Net: Name=P0.04
Added Net: Name=P0.05
Added Net: Name=P0.06
Added Net: Name=P0.07
Added Net: Name=P0.08
Added Net: Name=P0.09
Added Net: Name=P0.10
Added Net: Name=P0.11
Added Net: Name=P0.12
Added Net: Name=P0.13
Added Net: Name=P0.14
Added Net: Name=P0.15
Added Net: Name=P0.16
Added Net: Name=P0.17
Added Net: Name=P0.18
Added Net: Name=P0.19
Added Net: Name=P0.20
Added Net: Name=P0.21
Added Net: Name=P0.22
Added Net: Name=P0.23
Added Net: Name=P0.24
Added Net: Name=P0.25
Added Net: Name=P0.28
Added Net: Name=P0.29
Added Net: Name=P0.30
Added Net: Name=SWCLK
Added Net: Name=SWDIO
Added Net: Name=VCC_NRF
Added Net: Name=VDD_PA
Added Net: Name=XC1
Added Net: Name=XC2
Added Net: Name=XL1
Added Net: Name=XL2
Added Class: Name=bluetooth_candle
Added Room: Name=bluetooth_candle
