Added Component: Designator=U1(NRF51822-QFN)
Added Pin To Net: NetName=VCC_NRF Pin=U1-1
Added Pin To Net: NetName=P0.30 Pin=U1-3
Added Pin To Net: NetName=P0.00 Pin=U1-4
Added Pin To Net: NetName=P0.01 Pin=U1-5
Added Pin To Net: NetName=P0.02 Pin=U1-6
Added Pin To Net: NetName=P0.03 Pin=U1-7
Added Pin To Net: NetName=P0.04 Pin=U1-8
Added Pin To Net: NetName=P0.05 Pin=U1-9
Added Pin To Net: NetName=P0.06 Pin=U1-10
Added Pin To Net: NetName=P0.07 Pin=U1-11
Added Pin To Net: NetName=VCC_NRF Pin=U1-12
Added Pin To Net: NetName=GND Pin=U1-13
Added Pin To Net: NetName=P0.08 Pin=U1-14
Added Pin To Net: NetName=P0.09 Pin=U1-15
Added Pin To Net: NetName=P0.10 Pin=U1-16
Added Pin To Net: NetName=P0.11 Pin=U1-17
Added Pin To Net: NetName=P0.12 Pin=U1-18
Added Pin To Net: NetName=P0.13 Pin=U1-19
Added Pin To Net: NetName=P0.14 Pin=U1-20
Added Pin To Net: NetName=P0.15 Pin=U1-21
Added Pin To Net: NetName=P0.16 Pin=U1-22
Added Pin To Net: NetName=SWDIO Pin=U1-23
Added Pin To Net: NetName=SWCLK Pin=U1-24
Added Pin To Net: NetName=P0.17 Pin=U1-25
Added Pin To Net: NetName=P0.18 Pin=U1-26
Added Pin To Net: NetName=P0.19 Pin=U1-27
Added Pin To Net: NetName=P0.20 Pin=U1-28
Added Pin To Net: NetName=DEC2 Pin=U1-29
Added Pin To Net: NetName=VDD_PA Pin=U1-30
Added Pin To Net: NetName=ANT1 Pin=U1-31
Added Pin To Net: NetName=ANT2 Pin=U1-32
Added Pin To Net: NetName=GND Pin=U1-33
Added Pin To Net: NetName=GND Pin=U1-34
Added Pin To Net: NetName=VCC_NRF Pin=U1-35
Added Pin To Net: NetName=VCC_NRF Pin=U1-36
Added Pin To Net: NetName=XC1 Pin=U1-37
Added Pin To Net: NetName=XC2 Pin=U1-38
Added Pin To Net: NetName=DEC1 Pin=U1-39
Added Pin To Net: NetName=P0.21 Pin=U1-40
Added Pin To Net: NetName=P0.22 Pin=U1-41
Added Pin To Net: NetName=P0.23 Pin=U1-42
Added Pin To Net: NetName=P0.24 Pin=U1-43
Added Pin To Net: NetName=P0.25 Pin=U1-44
Added Pin To Net: NetName=XL1 Pin=U1-45
Added Pin To Net: NetName=XL2 Pin=U1-46
Added Pin To Net: NetName=P0.28 Pin=U1-47
Added Pin To Net: NetName=P0.29 Pin=U1-48
Added Pin To Net: NetName=GND Pin=U1-49
Added Member To Class: ClassName=bluetooth_candle Member=Component U1 nRF51822
