Added Component: Designator=C1(0805_Capacitor)
Added Component: Designator=C2(0805_Capacitor)
Added Component: Designator=C3(0805_Capacitor)
Added Component: Designator=C4(0805_Capacitor)
Added Component: Designator=C5(0805_Capacitor)
Added Component: Designator=C6(0805_Capacitor)
Added Component: Designator=C7(0805_Capacitor)
Added Component: Designator=C8(0805_Capacitor)
Added Component: Designator=C9(0805_Capacitor)
Added Component: Designator=C10(0805_Capacitor)
Added Component: Designator=C11(0805_Capacitor)
Added Component: Designator=C15(0805_Capacitor)
Added Component: Designator=D1(1206_LED)
Added Component: Designator=L1(NR3015T2R2M)
Added Component: Designator=L2(NR3015T2R2M)
Added Component: Designator=R1(0805_RESISTOR)
Added Component: Designator=R2(0201)
Added Component: Designator=TP1(Test_Point)
Added Component: Designator=TP2(Test_Point)
Added Component: Designator=TP3(Test_Point)
Added Component: Designator=TP4(Test_Point)
Added Component: Designator=TP5(Test_Point)
Added Component: Designator=TP6(Test_Point)
Added Component: Designator=TP7(Test_Point)
Added Component: Designator=U2(SiP32431)
Added Component: Designator=U3(TC2030)
Added Pin To Net: NetName=XC1 Pin=C1-1
Added Pin To Net: NetName=GND Pin=C1-2
Added Pin To Net: NetName=XC2 Pin=C2-1
Added Pin To Net: NetName=GND Pin=C2-2
Added Pin To Net: NetName=GND Pin=C3-1
Added Pin To Net: NetName=VDD_PA Pin=C3-2
Added Pin To Net: NetName=GND Pin=C4-1
Added Pin To Net: NetName=NetC4_2 Pin=C4-2
Added Pin To Net: NetName=NetC4_2 Pin=C5-1
Added Pin To Net: NetName=ANT2 Pin=C5-2
Added Pin To Net: NetName=GND Pin=C6-1
Added Pin To Net: NetName=ANT Pin=C6-2
Added Pin To Net: NetName=GND Pin=C7-1
Added Pin To Net: NetName=VCC_NRF Pin=C7-2
Added Pin To Net: NetName=GND Pin=C8-1
Added Pin To Net: NetName=DEC1 Pin=C8-2
Added Pin To Net: NetName=GND Pin=C9-1
Added Pin To Net: NetName=VCC_NRF Pin=C9-2
Added Pin To Net: NetName=GND Pin=C10-1
Added Pin To Net: NetName=DEC2 Pin=C10-2
Added Pin To Net: NetName=GND Pin=C11-1
Added Pin To Net: NetName=VCC_NRF Pin=C11-2
Added Pin To Net: NetName=GND Pin=C15-1
Added Pin To Net: NetName=ANT Pin=C15-2
Added Pin To Net: NetName=GND Pin=D1-1
Added Pin To Net: NetName=NetD1_2 Pin=D1-2
Added Pin To Net: NetName=ANT2 Pin=L1-1
Added Pin To Net: NetName=ANT1 Pin=L1-2
Added Pin To Net: NetName=ANT1 Pin=L2-1
Added Pin To Net: NetName=VDD_PA Pin=L2-2
Added Pin To Net: NetName=SWCLK Pin=R1-1
Added Pin To Net: NetName=GND Pin=R1-2
Added Pin To Net: NetName=NetR2_1 Pin=R2-1
Added Pin To Net: NetName=NetD1_2 Pin=R2-2
Added Pin To Net: NetName=P0.00 Pin=TP1-1
Added Pin To Net: NetName=P0.01 Pin=TP2-1
Added Pin To Net: NetName=P0.02 Pin=TP3-1
Added Pin To Net: NetName=P0.03 Pin=TP4-1
Added Pin To Net: NetName=P0.04 Pin=TP5-1
Added Pin To Net: NetName=VCC_NRF Pin=TP6-1
Added Pin To Net: NetName=GND Pin=TP7-1
Added Pin To Net: NetName=NetR2_1 Pin=U2-1
Added Pin To Net: NetName=GND Pin=U2-2
Added Pin To Net: NetName=P0.00 Pin=U2-3
Added Pin To Net: NetName=VCC_NRF Pin=U2-4
Added Pin To Net: NetName=GND Pin=U2-5
Added Pin To Net: NetName=VCC_NRF Pin=U3-1
Added Pin To Net: NetName=SWDIO Pin=U3-2
Added Pin To Net: NetName=SWDIO Pin=U3-3
Added Pin To Net: NetName=SWCLK Pin=U3-4
Added Pin To Net: NetName=GND Pin=U3-5
Added Member To Class: ClassName=bluetooth_candle Member=Component C1 VJ0805A120GXJCW1BC
Added Member To Class: ClassName=bluetooth_candle Member=Component C2 VJ0805A120GXJCW1BC
Added Member To Class: ClassName=bluetooth_candle Member=Component C3 C2012X7R2A222M085AA
Added Member To Class: ClassName=bluetooth_candle Member=Component C4 251R15S0R8DV4E
Added Member To Class: ClassName=bluetooth_candle Member=Component C5 VJ0805A2R2BXAPW1BC
Added Member To Class: ClassName=bluetooth_candle Member=Component C6 VJ0805A1R5BXJPW1BC
Added Member To Class: ClassName=bluetooth_candle Member=Component C7 C2012X5R0J475K125AA
Added Member To Class: ClassName=bluetooth_candle Member=Component C8 C2012X7R1H104K085AA
Added Member To Class: ClassName=bluetooth_candle Member=Component C9 C2012C0G1H102J060AA
Added Member To Class: ClassName=bluetooth_candle Member=Component C10 C2012X7R1H473K
Added Member To Class: ClassName=bluetooth_candle Member=Component C11 C2012X7R1H104K085AA
Added Member To Class: ClassName=bluetooth_candle Member=Component C15 VJ0805A1R2BXJPW1BC
Added Member To Class: ClassName=bluetooth_candle Member=Component D1 APL3015SYCK-F01
Added Member To Class: ClassName=bluetooth_candle Member=Component L1 ILC0402ER4N7S
Added Member To Class: ClassName=bluetooth_candle Member=Component L2 L-14C10NJV4T
Added Member To Class: ClassName=bluetooth_candle Member=Component R1 ERJ-6GEYJ103V
Added Member To Class: ClassName=bluetooth_candle Member=Component R2 ERJ-1GEJ1R0C
Added Member To Class: ClassName=bluetooth_candle Member=Component TP1 Test Point
Added Member To Class: ClassName=bluetooth_candle Member=Component TP2 Test Point
Added Member To Class: ClassName=bluetooth_candle Member=Component TP3 Test Point
Added Member To Class: ClassName=bluetooth_candle Member=Component TP4 Test Point
Added Member To Class: ClassName=bluetooth_candle Member=Component TP5 Test Point
Added Member To Class: ClassName=bluetooth_candle Member=Component TP6 Test Point
Added Member To Class: ClassName=bluetooth_candle Member=Component TP7 Test Point
Added Member To Class: ClassName=bluetooth_candle Member=Component U2 216-0011-01
Added Member To Class: ClassName=bluetooth_candle Member=Component U3 TC2030
Added Room: Name=bluetooth_candle
